0 info it worked if it ends with ok
1 verbose cli [ 'node', '/usr/local/bin/npm', 'install', '-g', 'phantomjs' ]
2 info using npm@1.4.23
3 info using node@v0.10.31
4 verbose cache add [ 'phantomjs', null ]
5 verbose cache add name=undefined spec="phantomjs" args=["phantomjs",null]
6 verbose parsed url { protocol: null,
6 verbose parsed url   slashes: null,
6 verbose parsed url   auth: null,
6 verbose parsed url   host: null,
6 verbose parsed url   port: null,
6 verbose parsed url   hostname: null,
6 verbose parsed url   hash: null,
6 verbose parsed url   search: null,
6 verbose parsed url   query: null,
6 verbose parsed url   pathname: 'phantomjs',
6 verbose parsed url   path: 'phantomjs',
6 verbose parsed url   href: 'phantomjs' }
7 silly lockFile 30d7cd7d-phantomjs phantomjs
8 verbose lock phantomjs /Users/christophersmith/.npm/30d7cd7d-phantomjs.lock
9 silly lockFile 30d7cd7d-phantomjs phantomjs
10 silly lockFile 30d7cd7d-phantomjs phantomjs
11 verbose addNamed [ 'phantomjs', '' ]
12 verbose addNamed [ null, '*' ]
13 silly lockFile 29cf7fd6-phantomjs phantomjs@
14 verbose lock phantomjs@ /Users/christophersmith/.npm/29cf7fd6-phantomjs.lock
15 silly addNameRange { name: 'phantomjs', range: '*', hasData: false }
16 verbose request where is /phantomjs
17 verbose request registry https://registry.npmjs.org/
18 verbose request id 45707f1ccb3bde2a
19 verbose url raw /phantomjs
20 verbose url resolving [ 'https://registry.npmjs.org/', './phantomjs' ]
21 verbose url resolved https://registry.npmjs.org/phantomjs
22 verbose request where is https://registry.npmjs.org/phantomjs
23 info trying registry request attempt 1 at 00:05:52
24 verbose etag "D3SOCHIB3GF5225BGZKN5Z5FT"
25 http GET https://registry.npmjs.org/phantomjs
26 http 304 https://registry.npmjs.org/phantomjs
27 silly registry.get cb [ 304,
27 silly registry.get   { date: 'Mon, 31 Oct 2016 00:05:53 GMT',
27 silly registry.get     via: '1.1 varnish',
27 silly registry.get     'cache-control': 'max-age=300',
27 silly registry.get     etag: '"D3SOCHIB3GF5225BGZKN5Z5FT"',
27 silly registry.get     age: '47',
27 silly registry.get     connection: 'keep-alive',
27 silly registry.get     'x-served-by': 'cache-lcy1143-LCY',
27 silly registry.get     'x-cache': 'HIT',
27 silly registry.get     'x-cache-hits': '1',
27 silly registry.get     'x-timer': 'S1477872353.600993,VS0,VE0',
27 silly registry.get     vary: 'Accept-Encoding' } ]
28 verbose etag https://registry.npmjs.org/phantomjs from cache
29 silly addNameRange number 2 { name: 'phantomjs', range: '*', hasData: true }
30 silly addNameRange versions [ 'phantomjs',
30 silly addNameRange   [ '0.0.1',
30 silly addNameRange     '0.0.2',
30 silly addNameRange     '0.0.3',
30 silly addNameRange     '0.0.4',
30 silly addNameRange     '0.0.5',
30 silly addNameRange     '0.0.6',
30 silly addNameRange     '0.0.7',
30 silly addNameRange     '0.0.8',
30 silly addNameRange     '0.0.9',
30 silly addNameRange     '0.1.0',
30 silly addNameRange     '0.1.1',
30 silly addNameRange     '0.2.0',
30 silly addNameRange     '0.2.1',
30 silly addNameRange     '0.2.2',
30 silly addNameRange     '0.2.3',
30 silly addNameRange     '0.2.4',
30 silly addNameRange     '0.2.5',
30 silly addNameRange     '0.2.6',
30 silly addNameRange     '1.8.0-1',
30 silly addNameRange     '1.8.1-1',
30 silly addNameRange     '1.8.1-2',
30 silly addNameRange     '1.8.1-3',
30 silly addNameRange     '1.8.2-0',
30 silly addNameRange     '1.8.2-1',
30 silly addNameRange     '1.8.2-2',
30 silly addNameRange     '1.9.0-0',
30 silly addNameRange     '1.9.0-1',
30 silly addNameRange     '1.9.0-2',
30 silly addNameRange     '1.9.0-3',
30 silly addNameRange     '1.9.0-4',
30 silly addNameRange     '1.9.0-5',
30 silly addNameRange     '1.9.0-6',
30 silly addNameRange     '1.9.1-0',
30 silly addNameRange     '1.9.1-2',
30 silly addNameRange     '1.9.1-3',
30 silly addNameRange     '1.9.1-4',
30 silly addNameRange     '1.9.1-5',
30 silly addNameRange     '1.9.1-6',
30 silly addNameRange     '1.9.1-7',
30 silly addNameRange     '1.9.1-8',
30 silly addNameRange     '1.9.1-9',
30 silly addNameRange     '1.9.2-0',
30 silly addNameRange     '1.9.2-1',
30 silly addNameRange     '1.9.2-2',
30 silly addNameRange     '1.9.2-3',
30 silly addNameRange     '1.9.2-4',
30 silly addNameRange     '1.9.2-5',
30 silly addNameRange     '1.9.2-6',
30 silly addNameRange     '1.9.6-0',
30 silly addNameRange     '1.9.7-1',
30 silly addNameRange     '1.9.7-3',
30 silly addNameRange     '1.9.7-4',
30 silly addNameRange     '1.9.7-5',
30 silly addNameRange     '1.9.7-6',
30 silly addNameRange     '1.9.7-7',
30 silly addNameRange     '1.9.7-8',
30 silly addNameRange     '1.9.7-9',
30 silly addNameRange     '1.9.7-10',
30 silly addNameRange     '1.9.7-11',
30 silly addNameRange     '1.9.7-12',
30 silly addNameRange     '1.9.7-13',
30 silly addNameRange     '1.9.7-14',
30 silly addNameRange     '1.9.7-15',
30 silly addNameRange     '1.8.2-3',
30 silly addNameRange     '1.9.8',
30 silly addNameRange     '1.9.9',
30 silly addNameRange     '1.9.10',
30 silly addNameRange     '1.9.11',
30 silly addNameRange     '1.9.12',
30 silly addNameRange     '1.9.13',
30 silly addNameRange     '1.9.15',
30 silly addNameRange     '1.9.16',
30 silly addNameRange     '1.9.17',
30 silly addNameRange     '1.9.18',
30 silly addNameRange     '1.9.19',
30 silly addNameRange     '2.1.1',
30 silly addNameRange     '2.1.2',
30 silly addNameRange     '2.1.3-deprecated',
30 silly addNameRange     '2.1.3',
30 silly addNameRange     '1.9.20',
30 silly addNameRange     '2.1.7' ] ]
31 verbose addNamed [ 'phantomjs', '2.1.7' ]
32 verbose addNamed [ '2.1.7', '2.1.7' ]
33 silly lockFile 27f983e7-phantomjs-2-1-7 phantomjs@2.1.7
34 verbose lock phantomjs@2.1.7 /Users/christophersmith/.npm/27f983e7-phantomjs-2-1-7.lock
35 warn deprecated phantomjs@2.1.7: Package renamed to phantomjs-prebuilt. Please update 'phantomjs' package references to 'phantomjs-prebuilt'
36 silly lockFile 27f983e7-phantomjs-2-1-7 phantomjs@2.1.7
37 silly lockFile 27f983e7-phantomjs-2-1-7 phantomjs@2.1.7
38 silly lockFile 29cf7fd6-phantomjs phantomjs@
39 silly lockFile 29cf7fd6-phantomjs phantomjs@
40 silly resolved [ { name: 'phantomjs',
40 silly resolved     version: '2.1.7',
40 silly resolved     keywords: [ 'phantomjs', 'headless', 'webkit' ],
40 silly resolved     description: 'Headless WebKit with JS API',
40 silly resolved     homepage: 'https://github.com/Medium/phantomjs',
40 silly resolved     repository: { type: 'git', url: 'git://github.com/Medium/phantomjs.git' },
40 silly resolved     license: 'Apache-2.0',
40 silly resolved     author:
40 silly resolved      { name: 'Dan Pupius',
40 silly resolved        email: 'dan@obvious.com',
40 silly resolved        url: 'http://pupius.co.uk' },
40 silly resolved     maintainers: [ [Object], [Object], [Object] ],
40 silly resolved     main: 'lib/phantomjs',
40 silly resolved     bin: { phantomjs: './bin/phantomjs' },
40 silly resolved     scripts:
40 silly resolved      { install: 'node install.js',
40 silly resolved        test: 'nodeunit --reporter=minimal test/tests.js && eslint install.js' },
40 silly resolved     dependencies:
40 silly resolved      { 'extract-zip': '~1.5.0',
40 silly resolved        'fs-extra': '~0.26.4',
40 silly resolved        hasha: '^2.2.0',
40 silly resolved        kew: '~0.7.0',
40 silly resolved        progress: '~1.1.8',
40 silly resolved        request: '~2.67.0',
40 silly resolved        'request-progress': '~2.0.1',
40 silly resolved        which: '~1.2.2' },
40 silly resolved     devDependencies: { eslint: '1.10.3', nodeunit: '0.9.1' },
40 silly resolved     gitHead: '21e7232131b60f2573e110cf89d156a33e8f293c',
40 silly resolved     bugs: { url: 'https://github.com/Medium/phantomjs/issues' },
40 silly resolved     _id: 'phantomjs@2.1.7',
40 silly resolved     _shasum: 'c6910f67935c37285b6114329fc2f27d5f3e3134',
40 silly resolved     _from: 'phantomjs@',
40 silly resolved     _npmVersion: '2.14.12',
40 silly resolved     _nodeVersion: '4.3.1',
40 silly resolved     _npmUser: { name: 'nicks', email: 'nicholas.j.santos@gmail.com' },
40 silly resolved     dist:
40 silly resolved      { shasum: 'c6910f67935c37285b6114329fc2f27d5f3e3134',
40 silly resolved        tarball: 'https://registry.npmjs.org/phantomjs/-/phantomjs-2.1.7.tgz' },
40 silly resolved     _npmOperationalInternal:
40 silly resolved      { host: 'packages-12-west.internal.npmjs.com',
40 silly resolved        tmp: 'tmp/phantomjs-2.1.7.tgz_1460040810265_0.5564068194944412' },
40 silly resolved     deprecated: 'Package renamed to phantomjs-prebuilt. Please update \'phantomjs\' package references to \'phantomjs-prebuilt\'',
40 silly resolved     directories: {},
40 silly resolved     _resolved: 'https://registry.npmjs.org/phantomjs/-/phantomjs-2.1.7.tgz',
40 silly resolved     readme: 'ERROR: No README data found!' } ]
41 info install phantomjs@2.1.7 into /usr/local/lib
42 info installOne phantomjs@2.1.7
43 verbose lib/node_modules/phantomjs unbuild
44 verbose tar unpack /Users/christophersmith/.npm/phantomjs/2.1.7/package.tgz
45 silly lockFile 4d5acaea-local-lib-node-modules-phantomjs tar:///usr/local/lib/node_modules/phantomjs
46 verbose lock tar:///usr/local/lib/node_modules/phantomjs /Users/christophersmith/.npm/4d5acaea-local-lib-node-modules-phantomjs.lock
47 silly lockFile 0549ce7b--npm-phantomjs-2-1-7-package-tgz tar:///Users/christophersmith/.npm/phantomjs/2.1.7/package.tgz
48 verbose lock tar:///Users/christophersmith/.npm/phantomjs/2.1.7/package.tgz /Users/christophersmith/.npm/0549ce7b--npm-phantomjs-2-1-7-package-tgz.lock
49 silly gunzTarPerm modes [ '755', '644' ]
50 error Error: EACCES, mkdir '/usr/local/lib/node_modules/phantomjs'
50 error  { [Error: EACCES, mkdir '/usr/local/lib/node_modules/phantomjs']
50 error   errno: 3,
50 error   code: 'EACCES',
50 error   path: '/usr/local/lib/node_modules/phantomjs',
50 error   fstream_type: 'Directory',
50 error   fstream_path: '/usr/local/lib/node_modules/phantomjs',
50 error   fstream_class: 'DirWriter',
50 error   fstream_stack:
50 error    [ '/usr/local/lib/node_modules/npm/node_modules/fstream/lib/dir-writer.js:36:23',
50 error      '/usr/local/lib/node_modules/npm/node_modules/mkdirp/index.js:46:53',
50 error      'Object.oncomplete (fs.js:107:15)' ] }
51 error Please try running this command again as root/Administrator.
52 error System Darwin 15.4.0
53 error command "node" "/usr/local/bin/npm" "install" "-g" "phantomjs"
54 error cwd /Users/christophersmith/Desktop/DAT505/Twitter
55 error node -v v0.10.31
56 error npm -v 1.4.23
57 error path /usr/local/lib/node_modules/phantomjs
58 error fstream_path /usr/local/lib/node_modules/phantomjs
59 error fstream_type Directory
60 error fstream_class DirWriter
61 error code EACCES
62 error errno 3
63 error stack Error: EACCES, mkdir '/usr/local/lib/node_modules/phantomjs'
64 error fstream_stack /usr/local/lib/node_modules/npm/node_modules/fstream/lib/dir-writer.js:36:23
64 error fstream_stack /usr/local/lib/node_modules/npm/node_modules/mkdirp/index.js:46:53
64 error fstream_stack Object.oncomplete (fs.js:107:15)
65 verbose exit [ 3, true ]
